<?xml version="1.0" encoding="UTF-8"?>
<!-- Generated by org.testng.reporters.JUnitReportReporter -->
<testsuite hostname="antoines-MacBook-Pro.local" failures="0" tests="3" name="testCases.TestCase1" time="116.942" errors="0" timestamp="2025-08-10T18:07:28 EEST" skipped="0">
  <testcase classname="testCases.TestCase1" name="RunTestUsingProp" time="63.988"/>
  <testcase classname="testCases.TestCase1" name="testRegister" time="26.903"/>
  <testcase classname="testCases.TestCase1" name="testRegister" time="26.051"/>
</testsuite> <!-- testCases.TestCase1 -->
