<?xml version="1.0" encoding="UTF-8"?>
<!-- Generated by org.testng.reporters.JUnitReportReporter -->
<testsuite hostname="antoines-MacBook-Pro.local" failures="0" tests="1" name="testCases.TestCase22" time="9.159" errors="0" timestamp="2025-08-13T00:47:37 EEST" skipped="0">
  <testcase classname="testCases.TestCase22" name="testAddRecommendedItemToCart" time="9.159"/>
</testsuite> <!-- testCases.TestCase22 -->
