<?xml version="1.0" encoding="UTF-8"?>
<!-- Generated by org.testng.reporters.JUnitReportReporter -->
<testsuite hostname="antoines-MacBook-Pro.local" failures="0" tests="1" name="testCases.TestCase18" time="15.043" errors="0" timestamp="2025-08-12T20:50:31 EEST" skipped="0">
  <testcase classname="testCases.TestCase18" name="verifyCategoryNavigation" time="15.043"/>
</testsuite> <!-- testCases.TestCase18 -->
