<?xml version="1.0" encoding="UTF-8"?>
<!-- Generated by org.testng.reporters.JUnitReportReporter -->
<testsuite hostname="antoines-MacBook-Pro.local" failures="0" tests="1" name="testCases.TestCase6" time="10.055" errors="0" timestamp="2025-08-10T18:30:26 EEST" skipped="0">
  <testcase classname="testCases.TestCase6" name="TestContactUs" time="10.055"/>
</testsuite> <!-- testCases.TestCase6 -->
