<?xml version="1.0" encoding="UTF-8"?>
<!-- Generated by org.testng.reporters.JUnitReportReporter -->
<testsuite hostname="antoines-MacBook-Pro.local" failures="0" tests="1" name="testCases.TestCase25" time="7.469" errors="0" timestamp="2025-08-13T03:01:01 EEST" skipped="0">
  <testcase classname="testCases.TestCase25" name="verifyScrollUpUsingArrowButtonAndScrollDown" time="7.469"/>
</testsuite> <!-- testCases.TestCase25 -->
