<?xml version="1.0" encoding="UTF-8"?>
<!-- Generated by org.testng.reporters.JUnitReportReporter -->
<testsuite hostname="Gaafar" failures="0" tests="1" name="testCases.TestCase3" time="7.571" errors="0" timestamp="2025-08-10T19:24:31 EEST" skipped="0">
  <testcase classname="testCases.TestCase3" name="loginUserWithIncorrectEmailAndPassword" time="7.571"/>
</testsuite> <!-- testCases.TestCase3 -->
