<?xml version="1.0" encoding="UTF-8"?>
<!-- Generated by org.testng.reporters.JUnitReportReporter -->
<testsuite hostname="antoines-MacBook-Pro.local" failures="0" tests="1" name="testCases.TestCase3" time="40.863" errors="0" timestamp="2025-08-10T20:06:24 EEST" skipped="0">
  <testcase classname="testCases.TestCase3" name="loginWithInvalidCredentials" time="40.863"/>
</testsuite> <!-- testCases.TestCase3 -->
