<?xml version="1.0" encoding="UTF-8"?>
<!-- Generated by org.testng.reporters.JUnitReportReporter -->
<testsuite hostname="antoines-MacBook-Pro.local" failures="0" tests="1" name="testCases.TestCase20" time="126.598" errors="0" timestamp="2025-08-13T00:16:06 EEST" skipped="0">
  <testcase classname="testCases.TestCase20" name="searchProductsAndVerifyCartAfterLogin" time="126.598"/>
</testsuite> <!-- testCases.TestCase20 -->
