<?xml version="1.0" encoding="UTF-8"?>
<!-- Generated by org.testng.reporters.JUnitReportReporter -->
<testsuite hostname="antoines-MacBook-Pro.local" failures="0" tests="1" name="testCases.TestCase12" time="16.522" errors="0" timestamp="2025-08-12T15:00:16 EEST" skipped="0">
  <testcase classname="testCases.TestCase12" name="testAddTwoProductsToCart" time="16.522"/>
</testsuite> <!-- testCases.TestCase12 -->
