<?xml version="1.0" encoding="UTF-8"?>
<!-- Generated by org.testng.reporters.JUnitReportReporter -->
<testsuite hostname="antoines-MacBook-Pro.local" failures="0" tests="1" name="testCases.TestCase14" time="67.602" errors="0" timestamp="2025-08-12T18:36:34 EEST" skipped="0">
  <testcase classname="testCases.TestCase14" name="placeOrderRegisterWhileCheckout" time="67.602"/>
</testsuite> <!-- testCases.TestCase14 -->
