<?xml version="1.0" encoding="UTF-8"?>
<!-- Generated by org.testng.reporters.JUnitReportReporter -->
<testsuite hostname="antoines-MacBook-Pro.local" failures="0" tests="1" name="testCases.TestCase17" time="44.004" errors="0" timestamp="2025-08-12T19:23:49 EEST" skipped="0">
  <testcase classname="testCases.TestCase17" name="removeProductFromCart" time="44.004"/>
</testsuite> <!-- testCases.TestCase17 -->
