<?xml version="1.0" encoding="UTF-8"?>
<!-- Generated by org.testng.reporters.JUnitReportReporter -->
<testsuite hostname="antoines-MacBook-Pro.local" failures="0" tests="1" name="testCases.TestCase19" time="16.622" errors="0" timestamp="2025-08-12T21:22:02 EEST" skipped="0">
  <testcase classname="testCases.TestCase19" name="verifyBrandProductsNavigation" time="16.622"/>
</testsuite> <!-- testCases.TestCase19 -->
