<?xml version="1.0" encoding="UTF-8"?>
<!-- Generated by org.testng.reporters.JUnitReportReporter -->
<testsuite hostname="antoines-MacBook-Pro.local" failures="0" tests="2" name="testCases.TestCase5" time="35.329" errors="0" timestamp="2025-08-10T18:20:27 EEST" skipped="0">
  <testcase classname="testCases.TestCase5" name="AlreadyRegisterTestProp" time="26.048"/>
  <testcase classname="testCases.TestCase5" name="TestAlreadyRegisteredAcc" time="9.281"/>
</testsuite> <!-- testCases.TestCase5 -->
