<?xml version="1.0" encoding="UTF-8"?>
<!-- Generated by org.testng.reporters.JUnitReportReporter -->
<testsuite hostname="antoines-MacBook-Pro.local" failures="0" tests="1" name="testCases.TestCase16" time="56.037" errors="0" timestamp="2025-08-12T18:54:18 EEST" skipped="0">
  <testcase classname="testCases.TestCase16" name="placeOrderLoginBeforeCheckout" time="56.037"/>
</testsuite> <!-- testCases.TestCase16 -->
