<?xml version="1.0" encoding="UTF-8"?>
<!-- Generated by org.testng.reporters.JUnitReportReporter -->
<testsuite hostname="192.168.1.49" failures="0" tests="1" name="testCases.TestCase10" time="4.725" errors="0" timestamp="2025-08-12T06:02:23 EEST" skipped="0">
  <testcase classname="testCases.TestCase10" name="verifySubscriptionSuccess" time="4.725"/>
</testsuite> <!-- testCases.TestCase10 -->
