<?xml version="1.0" encoding="UTF-8"?>
<!-- Generated by org.testng.reporters.JUnitReportReporter -->
<testsuite hostname="antoines-MacBook-Pro.local" failures="0" tests="1" name="testCases.TestCase21" time="24.716" errors="0" timestamp="2025-08-13T20:45:57 EEST" skipped="0">
  <testcase classname="testCases.TestCase21" name="testAddReviewOnProduct" time="24.716"/>
</testsuite> <!-- testCases.TestCase21 -->
