<?xml version="1.0" encoding="UTF-8"?>
<!-- Generated by org.testng.reporters.JUnitReportReporter -->
<testsuite hostname="antoines-MacBook-Pro.local" failures="0" tests="1" name="testCases.TestCase15" time="63.328" errors="0" timestamp="2025-08-12T18:47:28 EEST" skipped="0">
  <testcase classname="testCases.TestCase15" name="placeOrderRegisterBeforeCheckout" time="63.328"/>
</testsuite> <!-- testCases.TestCase15 -->
