<?xml version="1.0" encoding="UTF-8"?>
<!-- Generated by org.testng.reporters.JUnitReportReporter -->
<testsuite hostname="antoines-MacBook-Pro.local" failures="0" tests="1" name="testCases.TestCase9" time="12.856" errors="0" timestamp="2025-08-10T21:25:14 EEST" skipped="0">
  <testcase classname="testCases.TestCase9" name="searchProductAndVerifyResults" time="12.856"/>
</testsuite> <!-- testCases.TestCase9 -->
