<?xml version="1.0" encoding="UTF-8"?>
<!-- Generated by org.testng.reporters.JUnitReportReporter -->
<testsuite hostname="antoines-MacBook-Pro.local" failures="0" tests="1" name="testCases.TestCase24" time="86.699" errors="0" timestamp="2025-08-14T12:33:08 EEST" skipped="0">
  <testcase classname="testCases.TestCase24" name="verifyCompleteOrderFlow" time="86.699"/>
</testsuite> <!-- testCases.TestCase24 -->
