<?xml version="1.0" encoding="UTF-8"?>
<!-- Generated by org.testng.reporters.JUnitReportReporter -->
<testsuite hostname="antoines-MacBook-Pro.local" failures="0" tests="1" name="testCases.TestCase2" time="18.810" errors="0" timestamp="2025-08-10T19:24:33 EEST" skipped="0">
  <testcase classname="testCases.TestCase2" name="LoginCorrectEmailPassword" time="18.810"/>
</testsuite> <!-- testCases.TestCase2 -->
