<?xml version="1.0" encoding="UTF-8"?>
<!-- Generated by org.testng.reporters.JUnitReportReporter -->
<testsuite hostname="antoines-MacBook-Pro.local" failures="0" tests="1" name="testCases.TestCase8" time="14.575" errors="0" timestamp="2025-08-10T21:15:55 EEST" skipped="0">
  <testcase classname="testCases.TestCase8" name="viewFirstProductDetails" time="14.575"/>
</testsuite> <!-- testCases.TestCase8 -->
