<?xml version="1.0" encoding="UTF-8"?>
<!-- Generated by org.testng.reporters.JUnitReportReporter -->
<testsuite hostname="antoines-MacBook-Pro.local" failures="0" tests="1" name="testCases.TestCase4" time="35.587" errors="0" timestamp="2025-08-10T20:18:22 EEST" skipped="0">
  <testcase classname="testCases.TestCase4" name="loginAndLogout" time="35.587"/>
</testsuite> <!-- testCases.TestCase4 -->
