<?xml version="1.0" encoding="UTF-8"?>
<!-- Generated by org.testng.reporters.JUnitReportReporter -->
<testsuite hostname="antoines-MacBook-Pro.local" failures="0" tests="1" name="testCases.TestCase24" time="80.563" errors="0" timestamp="2025-08-13T02:53:53 EEST" skipped="0">
  <testcase classname="testCases.TestCase24" name="verifyCompleteOrderFlow" time="80.563"/>
</testsuite> <!-- testCases.TestCase24 -->
