<?xml version="1.0" encoding="UTF-8"?>
<!-- Generated by org.testng.reporters.JUnitReportReporter -->
<testsuite hostname="antoines-MacBook-Pro.local" failures="0" tests="1" name="testCases.TestCase23" time="62.406" errors="0" timestamp="2025-08-13T01:24:10 EEST" skipped="0">
  <testcase classname="testCases.TestCase23" name="verifyAddressDetailsInCheckout" time="62.406"/>
</testsuite> <!-- testCases.TestCase23 -->
