<?xml version="1.0" encoding="UTF-8"?>
<!-- Generated by org.testng.reporters.JUnitReportReporter -->
<testsuite hostname="antoines-MacBook-Pro.local" failures="0" tests="1" name="testCases.TestCase7" time="6.674" errors="0" timestamp="2025-08-10T20:52:28 EEST" skipped="0">
  <testcase classname="testCases.TestCase7" name="verifyTestCasesNavigation" time="6.674"/>
</testsuite> <!-- testCases.TestCase7 -->
