<?xml version="1.0" encoding="UTF-8"?>
<!-- Generated by org.testng.reporters.JUnitReportReporter -->
<testsuite hostname="antoines-MacBook-Pro.local" failures="0" tests="1" name="testCases.TestCase21" time="21.541" errors="0" timestamp="2025-08-13T00:35:32 EEST" skipped="0">
  <testcase classname="testCases.TestCase21" name="testAddReviewOnProduct" time="21.541"/>
</testsuite> <!-- testCases.TestCase21 -->
