<?xml version="1.0" encoding="UTF-8"?>
<!-- Generated by org.testng.reporters.JUnitReportReporter -->
<testsuite hostname="192.168.1.49" failures="0" tests="1" name="testCases.TestCase11" time="12.692" errors="0" timestamp="2025-08-12T06:23:56 EEST" skipped="0">
  <testcase classname="testCases.TestCase11" name="verifyCartPageSubscription" time="12.692"/>
</testsuite> <!-- testCases.TestCase11 -->
