<?xml version="1.0" encoding="UTF-8"?>
<!-- Generated by org.testng.reporters.JUnitReportReporter -->
<testsuite hostname="antoines-MacBook-Pro.local" failures="0" tests="1" name="testCases.TestCase26" time="4.770" errors="0" timestamp="2025-08-13T03:05:08 EEST" skipped="0">
  <testcase classname="testCases.TestCase26" name="verifyScrollUpWithoutArrowButton" time="4.770"/>
</testsuite> <!-- testCases.TestCase26 -->
