<?xml version="1.0" encoding="UTF-8"?>
<!-- Generated by org.testng.reporters.JUnitReportReporter -->
<testsuite hostname="antoines-MacBook-Pro.local" failures="0" tests="1" name="testCases.TestCase13" time="15.805" errors="0" timestamp="2025-08-12T15:18:42 EEST" skipped="0">
  <testcase classname="testCases.TestCase13" name="verifyProductQuantityInCart" time="15.805"/>
</testsuite> <!-- testCases.TestCase13 -->
